<?xml version="1.0" encoding="UTF-8"?>
<!-- Generated by org.testng.reporters.JUnitXMLReporter -->
<testsuite ignored="0" hostname="DESKTOP-OKOA3DF" failures="0" tests="4" name="Default test" time="23.238" errors="0" timestamp="2024-04-26T17:21:48 IST">
  <testcase classname="practiceSet.VerifyThatTheHomepageLoadsCorrectlyTest" name="verifyThatTheHomepageLoadsCorrectlyTest" time="0.012"/>
  <testcase classname="practiceSet.VerifyThatTheHomepageLoadsCorrectlyTest" name="verifyThatNavigationBarIsDisplayedTest" time="0.985"/>
  <testcase classname="practiceSet.VerifyThatTheHomepageLoadsCorrectlyTest" name="verifyThatSearchBarIsDisplayedTest" time="0.887"/>
  <testcase classname="practiceSet.VerifyThatTheHomepageLoadsCorrectlyTest" name="verifyThatFooterIsDisplayedTest" time="0.913"/>
</testsuite> <!-- Default test -->
