<?xml version="1.0" encoding="UTF-8"?>
<!-- Generated by org.testng.reporters.JUnitXMLReporter -->
<testsuite ignored="6" hostname="DESKTOP-OKOA3DF" failures="0" tests="1" name="Default test" time="22.083" errors="0" timestamp="2024-05-15T15:38:20 IST">
  <testcase classname="websiteRanking.moduleTest.PreloginPageTest" name="verifyThatAfterClickingOnBlogLinkItWillNavigateYouToRightPageTest" time="4.65"/>
  <testcase classname="websiteRanking.moduleTest.PreloginPageTest" name="verifyThatAvailableLinksAreNotBrokenOnPreloginPageTest" time="0.0">
    <ignored/>
  </testcase> <!-- verifyThatAvailableLinksAreNotBrokenOnPreloginPageTest -->
  <testcase classname="websiteRanking.moduleTest.PreloginPageTest" name="verifyThatSearchFunctionalityIsDisplayedOnPreloginPageTest" time="0.0">
    <ignored/>
  </testcase> <!-- verifyThatSearchFunctionalityIsDisplayedOnPreloginPageTest -->
  <testcase classname="websiteRanking.moduleTest.PreloginPageTest" name="verifyThatSearchFunctionalityIsEnabledOnPreloginPageTest" time="0.0">
    <ignored/>
  </testcase> <!-- verifyThatSearchFunctionalityIsEnabledOnPreloginPageTest -->
  <testcase classname="websiteRanking.moduleTest.PreloginPageTest" name="verifyThatPreloginPageIsDisplayedAfterLogoutTest" time="0.0">
    <ignored/>
  </testcase> <!-- verifyThatPreloginPageIsDisplayedAfterLogoutTest -->
  <testcase classname="websiteRanking.moduleTest.PreloginPageTest" name="verifyThatAfterClickingOnGetStartedButtonItWillNaviageToRightPageTest" time="0.0">
    <ignored/>
  </testcase> <!-- verifyThatAfterClickingOnGetStartedButtonItWillNaviageToRightPageTest -->
  <testcase classname="websiteRanking.moduleTest.PreloginPageTest" name="verifyThatAfterClickingOnWebsitesTop100ButtonItWillNaviageToRightPageTest" time="0.0">
    <ignored/>
  </testcase> <!-- verifyThatAfterClickingOnWebsitesTop100ButtonItWillNaviageToRightPageTest -->
</testsuite> <!-- Default test -->
