<?xml version="1.0" encoding="UTF-8"?>
<!-- Generated by org.testng.reporters.JUnitXMLReporter -->
<testsuite ignored="5" hostname="DESKTOP-OKOA3DF" failures="0" tests="1" name="Default test" time="41.754" errors="0" timestamp="2024-05-13T18:12:41 IST">
  <testcase classname="websiteRanking.moduleTest.DashboardPageTest" name="verifyThatProductsDisplayedOnHomePageAreClickable" time="22.074"/>
  <testcase classname="websiteRanking.moduleTest.DashboardPageTest" name="verifyThatUserNameIsDisplayedOnHomepageTest" time="0.0">
    <ignored/>
  </testcase> <!-- verifyThatUserNameIsDisplayedOnHomepageTest -->
  <testcase classname="websiteRanking.moduleTest.DashboardPageTest" name="verifyThatSearchFunctionalityIsPresentOnHomePageTest" time="0.0">
    <ignored/>
  </testcase> <!-- verifyThatSearchFunctionalityIsPresentOnHomePageTest -->
  <testcase classname="websiteRanking.moduleTest.DashboardPageTest" name="verifyThatHomePageIsDisplayedAfterLoginTest" time="0.0">
    <ignored/>
  </testcase> <!-- verifyThatHomePageIsDisplayedAfterLoginTest -->
  <testcase classname="websiteRanking.moduleTest.DashboardPageTest" name="verifyThatAvailableLinksAreNotBrokenTest" time="0.0">
    <ignored/>
  </testcase> <!-- verifyThatAvailableLinksAreNotBrokenTest -->
  <testcase classname="websiteRanking.moduleTest.DashboardPageTest" name="verifyThatFeaturedFunctionArePresentOnHomePageTest" time="0.0">
    <ignored/>
  </testcase> <!-- verifyThatFeaturedFunctionArePresentOnHomePageTest -->
</testsuite> <!-- Default test -->
