<?xml version="1.0" encoding="UTF-8"?>
<testng-results ignored="5" total="6" passed="1" failed="0" skipped="0">
  <reporter-output>
  </reporter-output>
  <suite started-at="2024-05-13T18:11:59 IST" name="Default suite" finished-at="2024-05-13T18:12:41 IST" duration-ms="41754">
    <groups>
    </groups>
    <test started-at="2024-05-13T18:11:59 IST" name="Default test" finished-at="2024-05-13T18:12:41 IST" duration-ms="41754">
      <class name="websiteRanking.moduleTest.DashboardPageTest">
        <test-method is-config="true" signature="bsConfig()[pri:0, instance:websiteRanking.moduleTest.DashboardPageTest@2e6a8155]" started-at="2024-05-13T18:11:59 IST" name="bsConfig" finished-at="2024-05-13T18:11:59 IST" duration-ms="8" status="PASS">
          <reporter-output>
          </reporter-output>
        </test-method> <!-- bsConfig -->
        <test-method is-config="true" signature="bcConfig()[pri:0, instance:websiteRanking.moduleTest.DashboardPageTest@2e6a8155]" started-at="2024-05-13T18:11:59 IST" name="bcConfig" finished-at="2024-05-13T18:12:14 IST" duration-ms="15127" status="PASS">
          <reporter-output>
          </reporter-output>
        </test-method> <!-- bcConfig -->
        <test-method is-config="true" signature="bmConfig()[pri:0, instance:websiteRanking.moduleTest.DashboardPageTest@2e6a8155]" started-at="2024-05-13T18:12:14 IST" name="bmConfig" finished-at="2024-05-13T18:12:18 IST" duration-ms="3543" status="PASS">
          <reporter-output>
          </reporter-output>
        </test-method> <!-- bmConfig -->
        <test-method signature="verifyThatProductsDisplayedOnHomePageAreClickable()[pri:6, instance:websiteRanking.moduleTest.DashboardPageTest@2e6a8155]" started-at="2024-05-13T18:12:18 IST" name="verifyThatProductsDisplayedOnHomePageAreClickable" finished-at="2024-05-13T18:12:40 IST" duration-ms="22074" status="PASS">
          <reporter-output>
          </reporter-output>
        </test-method> <!-- verifyThatProductsDisplayedOnHomePageAreClickable -->
        <test-method is-config="true" signature="amConfig()[pri:0, instance:websiteRanking.moduleTest.DashboardPageTest@2e6a8155]" started-at="2024-05-13T18:12:40 IST" name="amConfig" finished-at="2024-05-13T18:12:41 IST" duration-ms="725" status="PASS">
          <reporter-output>
          </reporter-output>
        </test-method> <!-- amConfig -->
        <test-method is-config="true" signature="acConfig()[pri:0, instance:websiteRanking.moduleTest.DashboardPageTest@2e6a8155]" started-at="2024-05-13T18:12:41 IST" name="acConfig" finished-at="2024-05-13T18:12:41 IST" duration-ms="242" status="PASS">
          <reporter-output>
          </reporter-output>
        </test-method> <!-- acConfig -->
        <test-method is-config="true" signature="asConfig()[pri:0, instance:websiteRanking.moduleTest.DashboardPageTest@2e6a8155]" started-at="2024-05-13T18:12:41 IST" name="asConfig" finished-at="2024-05-13T18:12:41 IST" duration-ms="0" status="PASS">
          <reporter-output>
          </reporter-output>
        </test-method> <!-- asConfig -->
      </class> <!-- websiteRanking.moduleTest.DashboardPageTest -->
    </test> <!-- Default test -->
  </suite> <!-- Default suite -->
</testng-results>
